[49524 - Suricata-Main] 2026-07-21 10:53:47 Notice: suricata: This is Suricata version 8.0.6 RELEASE running in SYSTEM mode
[49524 - Suricata-Main] 2026-07-21 10:53:47 Info: cpu: CPUs/cores online: 16
[49524 - Suricata-Main] 2026-07-21 10:53:47 Notice: runmodes: thread stack size of 0 too small: setting to 512k
[49524 - Suricata-Main] 2026-07-21 10:53:47 Info: suricata: Running suricata under test mode
[49524 - Suricata-Main] 2026-07-21 10:53:47 Info: suricata: Setting engine mode to IDS mode by default
[49524 - Suricata-Main] 2026-07-21 10:53:47 Info: exception-policy: master exception-policy set to: auto
[49524 - Suricata-Main] 2026-07-21 10:53:47 Info: coredump-config: Configuring core dump is not yet supported on Windows.
[49524 - Suricata-Main] 2026-07-21 10:53:47 Info: logopenfile: fast output device (regular) initialized: fast.log
[49524 - Suricata-Main] 2026-07-21 10:53:47 Info: logopenfile: eve-log output device (regular) initialized: eve.json
[49524 - Suricata-Main] 2026-07-21 10:53:47 Info: logopenfile: stats output device (regular) initialized: stats.log
[49524 - Suricata-Main] 2026-07-21 10:53:47 Error: detect: opening rule file C:\\Program Files\\Suricata\\rules\\botcc.rules: No such file or directory.
[33896 - Suricata-Main] 2026-07-21 12:11:03 Notice: suricata: This is Suricata version 8.0.6 RELEASE running in SYSTEM mode
[33896 - Suricata-Main] 2026-07-21 12:11:03 Info: cpu: CPUs/cores online: 16
[33896 - Suricata-Main] 2026-07-21 12:11:03 Notice: runmodes: thread stack size of 0 too small: setting to 512k
[33896 - Suricata-Main] 2026-07-21 12:11:03 Info: suricata: Running suricata under test mode
[33896 - Suricata-Main] 2026-07-21 12:11:03 Info: suricata: Setting engine mode to IDS mode by default
[33896 - Suricata-Main] 2026-07-21 12:11:03 Info: exception-policy: master exception-policy set to: auto
[33896 - Suricata-Main] 2026-07-21 12:11:03 Info: coredump-config: Configuring core dump is not yet supported on Windows.
[33896 - Suricata-Main] 2026-07-21 12:11:03 Info: logopenfile: fast output device (regular) initialized: fast.log
[33896 - Suricata-Main] 2026-07-21 12:11:03 Info: logopenfile: eve-log output device (regular) initialized: eve.json
[33896 - Suricata-Main] 2026-07-21 12:11:03 Info: logopenfile: stats output device (regular) initialized: stats.log
[33896 - Suricata-Main] 2026-07-21 12:11:03 Error: detect: opening rule file C:\\Program Files\\Suricata\\rules\\ciarmy.rules: No such file or directory.
[45104 - Suricata-Main] 2026-07-21 12:11:46 Notice: suricata: This is Suricata version 8.0.6 RELEASE running in SYSTEM mode
[45104 - Suricata-Main] 2026-07-21 12:11:46 Info: cpu: CPUs/cores online: 16
[45104 - Suricata-Main] 2026-07-21 12:11:46 Notice: runmodes: thread stack size of 0 too small: setting to 512k
[45104 - Suricata-Main] 2026-07-21 12:11:46 Info: suricata: Running suricata under test mode
[45104 - Suricata-Main] 2026-07-21 12:11:46 Info: suricata: Setting engine mode to IDS mode by default
[45104 - Suricata-Main] 2026-07-21 12:11:46 Info: exception-policy: master exception-policy set to: auto
[45104 - Suricata-Main] 2026-07-21 12:11:46 Info: coredump-config: Configuring core dump is not yet supported on Windows.
[45104 - Suricata-Main] 2026-07-21 12:11:46 Info: logopenfile: fast output device (regular) initialized: fast.log
[45104 - Suricata-Main] 2026-07-21 12:11:46 Info: logopenfile: eve-log output device (regular) initialized: eve.json
[45104 - Suricata-Main] 2026-07-21 12:11:46 Info: logopenfile: stats output device (regular) initialized: stats.log
[45104 - Suricata-Main] 2026-07-21 12:11:46 Error: detect: opening rule file C:\\Program Files\\Suricata\\rules\\tor.rules: No such file or directory.
[20164 - Suricata-Main] 2026-07-21 12:12:07 Notice: suricata: This is Suricata version 8.0.6 RELEASE running in SYSTEM mode
[20164 - Suricata-Main] 2026-07-21 12:12:07 Info: cpu: CPUs/cores online: 16
[20164 - Suricata-Main] 2026-07-21 12:12:07 Notice: runmodes: thread stack size of 0 too small: setting to 512k
[20164 - Suricata-Main] 2026-07-21 12:12:07 Info: suricata: Running suricata under test mode
[20164 - Suricata-Main] 2026-07-21 12:12:07 Info: suricata: Setting engine mode to IDS mode by default
[20164 - Suricata-Main] 2026-07-21 12:12:07 Info: exception-policy: master exception-policy set to: auto
[20164 - Suricata-Main] 2026-07-21 12:12:07 Info: coredump-config: Configuring core dump is not yet supported on Windows.
[20164 - Suricata-Main] 2026-07-21 12:12:07 Info: logopenfile: fast output device (regular) initialized: fast.log
[20164 - Suricata-Main] 2026-07-21 12:12:07 Info: logopenfile: eve-log output device (regular) initialized: eve.json
[20164 - Suricata-Main] 2026-07-21 12:12:07 Info: logopenfile: stats output device (regular) initialized: stats.log
[20164 - Suricata-Main] 2026-07-21 12:12:07 Info: detect: 1 rule files processed. 1 rules successfully loaded, 0 rules failed, 0 rules skipped
[20164 - Suricata-Main] 2026-07-21 12:12:07 Warning: threshold-config: Error opening file: "C:\Program Files\Suricata\\\threshold.config": No such file or directory
[20164 - Suricata-Main] 2026-07-21 12:12:07 Info: detect: 1 signatures processed. 1 are IP-only rules, 0 are inspecting packet payload, 0 inspect application layer, 0 are decoder event only
[20164 - Suricata-Main] 2026-07-21 12:12:07 Notice: suricata: Configuration provided was successfully loaded. Exiting.
[52636 - Suricata-Main] 2026-07-21 12:35:18 Notice: suricata: This is Suricata version 8.0.6 RELEASE running in SYSTEM mode
[52636 - Suricata-Main] 2026-07-21 12:35:18 Info: cpu: CPUs/cores online: 16
[52636 - Suricata-Main] 2026-07-21 12:35:18 Notice: runmodes: thread stack size of 0 too small: setting to 512k
[52636 - Suricata-Main] 2026-07-21 12:35:18 Info: suricata: Setting engine mode to IDS mode by default
[52636 - Suricata-Main] 2026-07-21 12:35:18 Info: exception-policy: master exception-policy set to: auto
[53924 - Suricata-Main] 2026-07-21 12:35:44 Notice: suricata: This is Suricata version 8.0.6 RELEASE running in SYSTEM mode
[53924 - Suricata-Main] 2026-07-21 12:35:44 Info: cpu: CPUs/cores online: 16
[53924 - Suricata-Main] 2026-07-21 12:35:44 Notice: runmodes: thread stack size of 0 too small: setting to 512k
[53924 - Suricata-Main] 2026-07-21 12:35:44 Info: device: VMware Network Adapter VMnet3: shortening device name to VMwa..net3
[53924 - Suricata-Main] 2026-07-21 12:35:44 Info: suricata: Setting engine mode to IDS mode by default
[53924 - Suricata-Main] 2026-07-21 12:35:44 Info: exception-policy: master exception-policy set to: auto
[34892 - Suricata-Main] 2026-07-21 12:57:45 Notice: suricata: This is Suricata version 8.0.6 RELEASE running in SYSTEM mode
[34892 - Suricata-Main] 2026-07-21 12:57:45 Info: cpu: CPUs/cores online: 16
[34892 - Suricata-Main] 2026-07-21 12:57:45 Notice: runmodes: thread stack size of 0 too small: setting to 512k
[34892 - Suricata-Main] 2026-07-21 12:57:45 Info: device: \Device\NPF_{689F61F5-0C39-42D2-8E74-B86E15E9048E}: shortening device name to \Dev..48E}
[34892 - Suricata-Main] 2026-07-21 12:57:45 Info: suricata: Setting engine mode to IDS mode by default
[34892 - Suricata-Main] 2026-07-21 12:57:45 Info: exception-policy: master exception-policy set to: auto
[34892 - Suricata-Main] 2026-07-21 12:57:45 Info: win32-syscall: Found an MTU of 1500 for '\Device\NPF_{689F61F5-0C39-42D2-8E74-B86E15E9048E}'
[34892 - Suricata-Main] 2026-07-21 12:57:45 Info: coredump-config: Configuring core dump is not yet supported on Windows.
[34892 - Suricata-Main] 2026-07-21 12:57:45 Info: logopenfile: fast output device (regular) initialized: fast.log
[34892 - Suricata-Main] 2026-07-21 12:57:45 Info: logopenfile: eve-log output device (regular) initialized: eve.json
[34892 - Suricata-Main] 2026-07-21 12:57:45 Info: logopenfile: stats output device (regular) initialized: stats.log
[34892 - Suricata-Main] 2026-07-21 12:57:45 Info: detect: 1 rule files processed. 1 rules successfully loaded, 0 rules failed, 0 rules skipped
[34892 - Suricata-Main] 2026-07-21 12:57:45 Warning: threshold-config: Error opening file: "C:\Program Files\Suricata\\\threshold.config": No such file or directory
[34892 - Suricata-Main] 2026-07-21 12:57:45 Info: detect: 1 signatures processed. 1 are IP-only rules, 0 are inspecting packet payload, 0 inspect application layer, 0 are decoder event only
[34892 - Suricata-Main] 2026-07-21 12:57:45 Info: runmodes: Using 1 live device(s).
[42540 - RX#01-\Dev..48E] 2026-07-21 12:57:45 Info: win32-syscall: Obtaining offload state failed, device "VMware Virtual Ethernet Adapter for VMnet3" may not support offload. Error: 0x80041001
[42540 - RX#01-\Dev..48E] 2026-07-21 12:57:45 Info: pcap: \Device\NPF_{689F61F5-0C39-42D2-8E74-B86E15E9048E}: running in 'auto' checksum mode. Detection of interface state will require 1000 packets
[42540 - RX#01-\Dev..48E] 2026-07-21 12:57:45 Info: win32-syscall: Obtaining offload state failed, device "VMware Virtual Ethernet Adapter for VMnet3" may not support offload. Error: 0x80041001
[42540 - RX#01-\Dev..48E] 2026-07-21 12:57:45 Info: pcap: \Device\NPF_{689F61F5-0C39-42D2-8E74-B86E15E9048E}: snaplen set to 1524
[42540 - RX#01-\Dev..48E] 2026-07-21 12:57:45 Info: win32-syscall: Obtaining offload state failed, device "VMware Virtual Ethernet Adapter for VMnet3" may not support offload. Error: 0x80041001
[42540 - RX#01-\Dev..48E] 2026-07-21 12:57:45 Warning: win32-syscall: Failure when trying to get feature via syscall for '\Device\NPF_{689F61F5-0C39-42D2-8E74-B86E15E9048E}': Error gen廨ico (0x80041001)
[34892 - Suricata-Main] 2026-07-21 12:57:46 Warning: suricata: setrlimit unavailable.
[34892 - Suricata-Main] 2026-07-21 12:57:46 Notice: threads: Threads created -> RX: 1 W: 16 FM: 1 FR: 1   Engine started.
